The system is: Darwin - 20.6.0 - x86_64
Compiling the CXX compiler identification source file "CMakeCXXCompilerId.cpp" succeeded.
Compiler: /usr/local/bin/g++-11 
Build flags: 
Id flags:  

The output was:
0


Compilation of the CXX compiler identification source "CMakeCXXCompilerId.cpp" produced "a.out"

The CXX compiler identification is GNU, found in "/Users/gi-loaner-05/CLionProjects/Consensus-distance/cmake-build-debug/CMakeFiles/3.22.3/CompilerIdCXX/a.out"

Detecting CXX compiler ABI info compiled with the following output:
Change Dir: /Users/gi-loaner-05/CLionProjects/Consensus-distance/cmake-build-debug/CMakeFiles/CMakeTmp

Run Build Command(s):/usr/bin/make -f Makefile cmTC_48084/fast && /Library/Developer/CommandLineTools/usr/bin/make  -f CMakeFiles/cmTC_48084.dir/build.make CMakeFiles/cmTC_48084.dir/build
Building CXX object CMakeFiles/cmTC_48084.dir/CMakeCXXCompilerABI.cpp.o
/usr/local/bin/g++-11   -isysroot /Library/Developer/CommandLineTools/SDKs/MacOSX12.1.sdk -mmacosx-version-min=11.6   -v -Wl,-v -o CMakeFiles/cmTC_48084.dir/CMakeCXXCompilerABI.cpp.o -c /Applications/CLion.app/Contents/bin/cmake/mac/share/cmake-3.22/Modules/CMakeCXXCompilerABI.cpp
Using built-in specs.
COLLECT_GCC=/usr/local/bin/g++-11
Target: x86_64-apple-darwin20
Configured with: ../configure --prefix=/usr/local/opt/gcc --libdir=/usr/local/opt/gcc/lib/gcc/11 --disable-nls --enable-checking=release --with-gcc-major-version-only --enable-languages=c,c++,objc,obj-c++,fortran,d --program-suffix=-11 --with-gmp=/usr/local/opt/gmp --with-mpfr=/usr/local/opt/mpfr --with-mpc=/usr/local/opt/libmpc --with-isl=/usr/local/opt/isl --with-zstd=/usr/local/opt/zstd --with-pkgversion='Homebrew GCC 11.3.0_1' --with-bugurl=https://github.com/Homebrew/homebrew-core/issues --enable-libphobos --build=x86_64-apple-darwin20 --with-system-zlib --with-sysroot=/Library/Developer/CommandLineTools/SDKs/MacOSX11.sdk
Thread model: posix
Supported LTO compression algorithms: zlib zstd
gcc version 11.3.0 (Homebrew GCC 11.3.0_1) 
COLLECT_GCC_OPTIONS='-isysroot' '/Library/Developer/CommandLineTools/SDKs/MacOSX12.1.sdk' '-v' '-o' 'CMakeFiles/cmTC_48084.dir/CMakeCXXCompilerABI.cpp.o' '-c' '-mmacosx-version-min=11.6' '-asm_macosx_version_min=11.6' '-nodefaultexport' '-shared-libgcc' '-mtune=core2' '-dumpdir' 'CMakeFiles/cmTC_48084.dir/'
 /usr/local/Cellar/gcc/11.3.0_1/bin/../libexec/gcc/x86_64-apple-darwin20/11/cc1plus -quiet -v -iprefix /usr/local/Cellar/gcc/11.3.0_1/bin/../lib/gcc/11/gcc/x86_64-apple-darwin20/11/ -D__DYNAMIC__ -isysroot /Library/Developer/CommandLineTools/SDKs/MacOSX12.1.sdk /Applications/CLion.app/Contents/bin/cmake/mac/share/cmake-3.22/Modules/CMakeCXXCompilerABI.cpp -fPIC -quiet -dumpdir CMakeFiles/cmTC_48084.dir/ -dumpbase CMakeCXXCompilerABI.cpp.cpp -dumpbase-ext .cpp -mmacosx-version-min=11.6 -mtune=core2 -version -o /var/folders/c8/386rs2b168n_nmgs59vcxdwh0000gn/T//ccHLuVUJ.s
GNU C++17 (Homebrew GCC 11.3.0_1) version 11.3.0 (x86_64-apple-darwin20)
	compiled by GNU C version 11.3.0, GMP version 6.2.1, MPFR version 4.1.0, MPC version 1.2.1, isl version isl-0.24-GMP

GGC heuristics: --param ggc-min-expand=100 --param ggc-min-heapsize=131072
ignoring nonexistent directory "/usr/local/Cellar/gcc/11.3.0_1/bin/../lib/gcc/11/gcc/x86_64-apple-darwin20/11/../../../../../../x86_64-apple-darwin20/include"
ignoring duplicate directory "/usr/local/Cellar/gcc/11.3.0_1/bin/../lib/gcc/11/gcc/../../../../lib/gcc/11/gcc/x86_64-apple-darwin20/11/../../../../../../include/c++/11"
ignoring duplicate directory "/usr/local/Cellar/gcc/11.3.0_1/bin/../lib/gcc/11/gcc/../../../../lib/gcc/11/gcc/x86_64-apple-darwin20/11/../../../../../../include/c++/11/x86_64-apple-darwin20"
ignoring duplicate directory "/usr/local/Cellar/gcc/11.3.0_1/bin/../lib/gcc/11/gcc/../../../../lib/gcc/11/gcc/x86_64-apple-darwin20/11/../../../../../../include/c++/11/backward"
ignoring duplicate directory "/usr/local/Cellar/gcc/11.3.0_1/bin/../lib/gcc/11/gcc/../../../../lib/gcc/11/gcc/x86_64-apple-darwin20/11/include"
ignoring nonexistent directory "/Library/Developer/CommandLineTools/SDKs/MacOSX12.1.sdk/usr/local/include"
ignoring duplicate directory "/usr/local/Cellar/gcc/11.3.0_1/bin/../lib/gcc/11/gcc/../../../../lib/gcc/11/gcc/x86_64-apple-darwin20/11/include-fixed"
ignoring nonexistent directory "/usr/local/Cellar/gcc/11.3.0_1/bin/../lib/gcc/11/gcc/../../../../lib/gcc/11/gcc/x86_64-apple-darwin20/11/../../../../../../x86_64-apple-darwin20/include"
ignoring nonexistent directory "/Library/Developer/CommandLineTools/SDKs/MacOSX12.1.sdk/Library/Frameworks"
#include "..." search starts here:
#include <...> search starts here:
 /usr/local/Cellar/gcc/11.3.0_1/bin/../lib/gcc/11/gcc/x86_64-apple-darwin20/11/../../../../../../include/c++/11
 /usr/local/Cellar/gcc/11.3.0_1/bin/../lib/gcc/11/gcc/x86_64-apple-darwin20/11/../../../../../../include/c++/11/x86_64-apple-darwin20
 /usr/local/Cellar/gcc/11.3.0_1/bin/../lib/gcc/11/gcc/x86_64-apple-darwin20/11/../../../../../../include/c++/11/backward
 /usr/local/Cellar/gcc/11.3.0_1/bin/../lib/gcc/11/gcc/x86_64-apple-darwin20/11/include
 /usr/local/Cellar/gcc/11.3.0_1/bin/../lib/gcc/11/gcc/x86_64-apple-darwin20/11/include-fixed
 /Library/Developer/CommandLineTools/SDKs/MacOSX12.1.sdk/usr/include
 /Library/Developer/CommandLineTools/SDKs/MacOSX12.1.sdk/System/Library/Frameworks
End of search list.
GNU C++17 (Homebrew GCC 11.3.0_1) version 11.3.0 (x86_64-apple-darwin20)
	compiled by GNU C version 11.3.0, GMP version 6.2.1, MPFR version 4.1.0, MPC version 1.2.1, isl version isl-0.24-GMP

GGC heuristics: --param ggc-min-expand=100 --param ggc-min-heapsize=131072
Compiler executable checksum: 50c3c3c8d4dceb873e1429344d7ffece
COLLECT_GCC_OPTIONS='-isysroot' '/Library/Developer/CommandLineTools/SDKs/MacOSX12.1.sdk' '-v' '-o' 'CMakeFiles/cmTC_48084.dir/CMakeCXXCompilerABI.cpp.o' '-c' '-mmacosx-version-min=11.6'  '-nodefaultexport' '-shared-libgcc' '-mtune=core2' '-dumpdir' 'CMakeFiles/cmTC_48084.dir/'
 as -arch x86_64 -v -mmacosx-version-min=11.6 -mllvm -x86-pad-for-align=false -force_cpusubtype_ALL -o CMakeFiles/cmTC_48084.dir/CMakeCXXCompilerABI.cpp.o /var/folders/c8/386rs2b168n_nmgs59vcxdwh0000gn/T//ccHLuVUJ.s
Apple clang version 13.0.0 (clang-1300.0.29.30)
Target: x86_64-apple-darwin20.6.0
Thread model: posix
InstalledDir: /Library/Developer/CommandLineTools/usr/bin
 "/Library/Developer/CommandLineTools/usr/bin/clang" -cc1as -triple x86_64-apple-macosx11.6.0 -filetype obj -main-file-name ccHLuVUJ.s -target-cpu penryn -fdebug-compilation-dir /Users/gi-loaner-05/CLionProjects/Consensus-distance/cmake-build-debug/CMakeFiles/CMakeTmp -dwarf-debug-producer "Apple clang version 13.0.0 (clang-1300.0.29.30)" -dwarf-version=4 -mrelocation-model pic --mrelax-relocations -mllvm -x86-pad-for-align=false -mllvm -disable-aligned-alloc-awareness=1 -mllvm -enable-dse-memoryssa=0 -o CMakeFiles/cmTC_48084.dir/CMakeCXXCompilerABI.cpp.o /var/folders/c8/386rs2b168n_nmgs59vcxdwh0000gn/T//ccHLuVUJ.s
COMPILER_PATH=/usr/local/Cellar/gcc/11.3.0_1/bin/../libexec/gcc/x86_64-apple-darwin20/11/:/usr/local/Cellar/gcc/11.3.0_1/bin/../libexec/gcc/
LIBRARY_PATH=/usr/local/Cellar/gcc/11.3.0_1/bin/../lib/gcc/11/gcc/x86_64-apple-darwin20/11/:/usr/local/Cellar/gcc/11.3.0_1/bin/../lib/gcc/11/gcc/:/usr/local/Cellar/gcc/11.3.0_1/bin/../lib/gcc/11/gcc/x86_64-apple-darwin20/11/../../../
COLLECT_GCC_OPTIONS='-isysroot' '/Library/Developer/CommandLineTools/SDKs/MacOSX12.1.sdk' '-v' '-o' 'CMakeFiles/cmTC_48084.dir/CMakeCXXCompilerABI.cpp.o' '-c' '-mmacosx-version-min=11.6'  '-nodefaultexport' '-shared-libgcc' '-mtune=core2' '-dumpdir' 'CMakeFiles/cmTC_48084.dir/CMakeCXXCompilerABI.cpp.'
Linking CXX executable cmTC_48084
/Applications/CLion.app/Contents/bin/cmake/mac/bin/cmake -E cmake_link_script CMakeFiles/cmTC_48084.dir/link.txt --verbose=1
/usr/local/bin/g++-11  -isysroot /Library/Developer/CommandLineTools/SDKs/MacOSX12.1.sdk -mmacosx-version-min=11.6 -Wl,-search_paths_first -Wl,-headerpad_max_install_names  -v -Wl,-v CMakeFiles/cmTC_48084.dir/CMakeCXXCompilerABI.cpp.o -o cmTC_48084 
Using built-in specs.
COLLECT_GCC=/usr/local/bin/g++-11
COLLECT_LTO_WRAPPER=/usr/local/Cellar/gcc/11.3.0_1/bin/../libexec/gcc/x86_64-apple-darwin20/11/lto-wrapper
Target: x86_64-apple-darwin20
Configured with: ../configure --prefix=/usr/local/opt/gcc --libdir=/usr/local/opt/gcc/lib/gcc/11 --disable-nls --enable-checking=release --with-gcc-major-version-only --enable-languages=c,c++,objc,obj-c++,fortran,d --program-suffix=-11 --with-gmp=/usr/local/opt/gmp --with-mpfr=/usr/local/opt/mpfr --with-mpc=/usr/local/opt/libmpc --with-isl=/usr/local/opt/isl --with-zstd=/usr/local/opt/zstd --with-pkgversion='Homebrew GCC 11.3.0_1' --with-bugurl=https://github.com/Homebrew/homebrew-core/issues --enable-libphobos --build=x86_64-apple-darwin20 --with-system-zlib --with-sysroot=/Library/Developer/CommandLineTools/SDKs/MacOSX11.sdk
Thread model: posix
Supported LTO compression algorithms: zlib zstd
gcc version 11.3.0 (Homebrew GCC 11.3.0_1) 
COMPILER_PATH=/usr/local/Cellar/gcc/11.3.0_1/bin/../libexec/gcc/x86_64-apple-darwin20/11/:/usr/local/Cellar/gcc/11.3.0_1/bin/../libexec/gcc/
LIBRARY_PATH=/usr/local/Cellar/gcc/11.3.0_1/bin/../lib/gcc/11/gcc/x86_64-apple-darwin20/11/:/usr/local/Cellar/gcc/11.3.0_1/bin/../lib/gcc/11/gcc/:/usr/local/Cellar/gcc/11.3.0_1/bin/../lib/gcc/11/gcc/x86_64-apple-darwin20/11/../../../
COLLECT_GCC_OPTIONS='-isysroot' '/Library/Developer/CommandLineTools/SDKs/MacOSX12.1.sdk' '-v' '-o' 'cmTC_48084' '-mmacosx-version-min=11.6' '-asm_macosx_version_min=11.6' '-nodefaultexport' '-shared-libgcc' '-mtune=core2' '-dumpdir' 'cmTC_48084.'
 /usr/local/Cellar/gcc/11.3.0_1/bin/../libexec/gcc/x86_64-apple-darwin20/11/collect2 -dynamic -arch x86_64 -syslibroot /Library/Developer/CommandLineTools/SDKs/MacOSX12.1.sdk -macosx_version_min 11.6 -o cmTC_48084 -L/usr/local/Cellar/gcc/11.3.0_1/bin/../lib/gcc/11/gcc/x86_64-apple-darwin20/11 -L/usr/local/Cellar/gcc/11.3.0_1/bin/../lib/gcc/11/gcc -L/usr/local/Cellar/gcc/11.3.0_1/bin/../lib/gcc/11/gcc/x86_64-apple-darwin20/11/../../.. -search_paths_first -headerpad_max_install_names -v CMakeFiles/cmTC_48084.dir/CMakeCXXCompilerABI.cpp.o -lstdc++ -lemutls_w -lgcc -lSystem -no_compact_unwind
collect2 version 11.3.0
/usr/bin/ld -dynamic -arch x86_64 -syslibroot /Library/Developer/CommandLineTools/SDKs/MacOSX12.1.sdk -macosx_version_min 11.6 -o cmTC_48084 -L/usr/local/Cellar/gcc/11.3.0_1/bin/../lib/gcc/11/gcc/x86_64-apple-darwin20/11 -L/usr/local/Cellar/gcc/11.3.0_1/bin/../lib/gcc/11/gcc -L/usr/local/Cellar/gcc/11.3.0_1/bin/../lib/gcc/11/gcc/x86_64-apple-darwin20/11/../../.. -search_paths_first -headerpad_max_install_names -v CMakeFiles/cmTC_48084.dir/CMakeCXXCompilerABI.cpp.o -lstdc++ -lemutls_w -lgcc -lSystem -no_compact_unwind
@(#)PROGRAM:ld  PROJECT:ld64-711
BUILD 21:57:11 Nov 17 2021
configured to support archs: armv6 armv7 armv7s arm64 arm64e arm64_32 i386 x86_64 x86_64h armv6m armv7k armv7m armv7em
Library search paths:
	/usr/local/Cellar/gcc/11.3.0_1/lib/gcc/11/gcc/x86_64-apple-darwin20/11
	/usr/local/Cellar/gcc/11.3.0_1/lib/gcc/11/gcc
	/usr/local/Cellar/gcc/11.3.0_1/lib/gcc/11
	/Library/Developer/CommandLineTools/SDKs/MacOSX12.1.sdk/usr/lib
Framework search paths:
	/Library/Developer/CommandLineTools/SDKs/MacOSX12.1.sdk/System/Library/Frameworks/



Parsed CXX implicit include dir info from above output: rv=done
  found start of include info
  found start of implicit include info
    add: [/usr/local/Cellar/gcc/11.3.0_1/bin/../lib/gcc/11/gcc/x86_64-apple-darwin20/11/../../../../../../include/c++/11]
    add: [/usr/local/Cellar/gcc/11.3.0_1/bin/../lib/gcc/11/gcc/x86_64-apple-darwin20/11/../../../../../../include/c++/11/x86_64-apple-darwin20]
    add: [/usr/local/Cellar/gcc/11.3.0_1/bin/../lib/gcc/11/gcc/x86_64-apple-darwin20/11/../../../../../../include/c++/11/backward]
    add: [/usr/local/Cellar/gcc/11.3.0_1/bin/../lib/gcc/11/gcc/x86_64-apple-darwin20/11/include]
    add: [/usr/local/Cellar/gcc/11.3.0_1/bin/../lib/gcc/11/gcc/x86_64-apple-darwin20/11/include-fixed]
    add: [/Library/Developer/CommandLineTools/SDKs/MacOSX12.1.sdk/usr/include]
    add: [/Library/Developer/CommandLineTools/SDKs/MacOSX12.1.sdk/System/Library/Frameworks]
  end of search list found
  collapse include dir [/usr/local/Cellar/gcc/11.3.0_1/bin/../lib/gcc/11/gcc/x86_64-apple-darwin20/11/../../../../../../include/c++/11] ==> [/usr/local/Cellar/gcc/11.3.0_1/include/c++/11]
  collapse include dir [/usr/local/Cellar/gcc/11.3.0_1/bin/../lib/gcc/11/gcc/x86_64-apple-darwin20/11/../../../../../../include/c++/11/x86_64-apple-darwin20] ==> [/usr/local/Cellar/gcc/11.3.0_1/include/c++/11/x86_64-apple-darwin20]
  collapse include dir [/usr/local/Cellar/gcc/11.3.0_1/bin/../lib/gcc/11/gcc/x86_64-apple-darwin20/11/../../../../../../include/c++/11/backward] ==> [/usr/local/Cellar/gcc/11.3.0_1/include/c++/11/backward]
  collapse include dir [/usr/local/Cellar/gcc/11.3.0_1/bin/../lib/gcc/11/gcc/x86_64-apple-darwin20/11/include] ==> [/usr/local/Cellar/gcc/11.3.0_1/lib/gcc/11/gcc/x86_64-apple-darwin20/11/include]
  collapse include dir [/usr/local/Cellar/gcc/11.3.0_1/bin/../lib/gcc/11/gcc/x86_64-apple-darwin20/11/include-fixed] ==> [/usr/local/Cellar/gcc/11.3.0_1/lib/gcc/11/gcc/x86_64-apple-darwin20/11/include-fixed]
  collapse include dir [/Library/Developer/CommandLineTools/SDKs/MacOSX12.1.sdk/usr/include] ==> [/Library/Developer/CommandLineTools/SDKs/MacOSX12.1.sdk/usr/include]
  collapse include dir [/Library/Developer/CommandLineTools/SDKs/MacOSX12.1.sdk/System/Library/Frameworks] ==> [/Library/Developer/CommandLineTools/SDKs/MacOSX12.1.sdk/System/Library/Frameworks]
  implicit include dirs: [/usr/local/Cellar/gcc/11.3.0_1/include/c++/11;/usr/local/Cellar/gcc/11.3.0_1/include/c++/11/x86_64-apple-darwin20;/usr/local/Cellar/gcc/11.3.0_1/include/c++/11/backward;/usr/local/Cellar/gcc/11.3.0_1/lib/gcc/11/gcc/x86_64-apple-darwin20/11/include;/usr/local/Cellar/gcc/11.3.0_1/lib/gcc/11/gcc/x86_64-apple-darwin20/11/include-fixed;/Library/Developer/CommandLineTools/SDKs/MacOSX12.1.sdk/usr/include;/Library/Developer/CommandLineTools/SDKs/MacOSX12.1.sdk/System/Library/Frameworks]


Parsed CXX implicit link information from above output:
  link line regex: [^( *|.*[/\])(ld|CMAKE_LINK_STARTFILE-NOTFOUND|([^/\]+-)?ld|collect2)[^/\]*( |$)]
  ignore line: [Change Dir: /Users/gi-loaner-05/CLionProjects/Consensus-distance/cmake-build-debug/CMakeFiles/CMakeTmp]
  ignore line: []
  ignore line: [Run Build Command(s):/usr/bin/make -f Makefile cmTC_48084/fast && /Library/Developer/CommandLineTools/usr/bin/make  -f CMakeFiles/cmTC_48084.dir/build.make CMakeFiles/cmTC_48084.dir/build]
  ignore line: [Building CXX object CMakeFiles/cmTC_48084.dir/CMakeCXXCompilerABI.cpp.o]
  ignore line: [/usr/local/bin/g++-11   -isysroot /Library/Developer/CommandLineTools/SDKs/MacOSX12.1.sdk -mmacosx-version-min=11.6   -v -Wl -v -o CMakeFiles/cmTC_48084.dir/CMakeCXXCompilerABI.cpp.o -c /Applications/CLion.app/Contents/bin/cmake/mac/share/cmake-3.22/Modules/CMakeCXXCompilerABI.cpp]
  ignore line: [Using built-in specs.]
  ignore line: [COLLECT_GCC=/usr/local/bin/g++-11]
  ignore line: [Target: x86_64-apple-darwin20]
  ignore line: [Configured with: ../configure --prefix=/usr/local/opt/gcc --libdir=/usr/local/opt/gcc/lib/gcc/11 --disable-nls --enable-checking=release --with-gcc-major-version-only --enable-languages=c c++ objc obj-c++ fortran d --program-suffix=-11 --with-gmp=/usr/local/opt/gmp --with-mpfr=/usr/local/opt/mpfr --with-mpc=/usr/local/opt/libmpc --with-isl=/usr/local/opt/isl --with-zstd=/usr/local/opt/zstd --with-pkgversion='Homebrew GCC 11.3.0_1' --with-bugurl=https://github.com/Homebrew/homebrew-core/issues --enable-libphobos --build=x86_64-apple-darwin20 --with-system-zlib --with-sysroot=/Library/Developer/CommandLineTools/SDKs/MacOSX11.sdk]
  ignore line: [Thread model: posix]
  ignore line: [Supported LTO compression algorithms: zlib zstd]
  ignore line: [gcc version 11.3.0 (Homebrew GCC 11.3.0_1) ]
  ignore line: [COLLECT_GCC_OPTIONS='-isysroot' '/Library/Developer/CommandLineTools/SDKs/MacOSX12.1.sdk' '-v' '-o' 'CMakeFiles/cmTC_48084.dir/CMakeCXXCompilerABI.cpp.o' '-c' '-mmacosx-version-min=11.6' '-asm_macosx_version_min=11.6' '-nodefaultexport' '-shared-libgcc' '-mtune=core2' '-dumpdir' 'CMakeFiles/cmTC_48084.dir/']
  ignore line: [ /usr/local/Cellar/gcc/11.3.0_1/bin/../libexec/gcc/x86_64-apple-darwin20/11/cc1plus -quiet -v -iprefix /usr/local/Cellar/gcc/11.3.0_1/bin/../lib/gcc/11/gcc/x86_64-apple-darwin20/11/ -D__DYNAMIC__ -isysroot /Library/Developer/CommandLineTools/SDKs/MacOSX12.1.sdk /Applications/CLion.app/Contents/bin/cmake/mac/share/cmake-3.22/Modules/CMakeCXXCompilerABI.cpp -fPIC -quiet -dumpdir CMakeFiles/cmTC_48084.dir/ -dumpbase CMakeCXXCompilerABI.cpp.cpp -dumpbase-ext .cpp -mmacosx-version-min=11.6 -mtune=core2 -version -o /var/folders/c8/386rs2b168n_nmgs59vcxdwh0000gn/T//ccHLuVUJ.s]
  ignore line: [GNU C++17 (Homebrew GCC 11.3.0_1) version 11.3.0 (x86_64-apple-darwin20)]
  ignore line: [	compiled by GNU C version 11.3.0  GMP version 6.2.1  MPFR version 4.1.0  MPC version 1.2.1  isl version isl-0.24-GMP]
  ignore line: []
  ignore line: [GGC heuristics: --param ggc-min-expand=100 --param ggc-min-heapsize=131072]
  ignore line: [ignoring nonexistent directory "/usr/local/Cellar/gcc/11.3.0_1/bin/../lib/gcc/11/gcc/x86_64-apple-darwin20/11/../../../../../../x86_64-apple-darwin20/include"]
  ignore line: [ignoring duplicate directory "/usr/local/Cellar/gcc/11.3.0_1/bin/../lib/gcc/11/gcc/../../../../lib/gcc/11/gcc/x86_64-apple-darwin20/11/../../../../../../include/c++/11"]
  ignore line: [ignoring duplicate directory "/usr/local/Cellar/gcc/11.3.0_1/bin/../lib/gcc/11/gcc/../../../../lib/gcc/11/gcc/x86_64-apple-darwin20/11/../../../../../../include/c++/11/x86_64-apple-darwin20"]
  ignore line: [ignoring duplicate directory "/usr/local/Cellar/gcc/11.3.0_1/bin/../lib/gcc/11/gcc/../../../../lib/gcc/11/gcc/x86_64-apple-darwin20/11/../../../../../../include/c++/11/backward"]
  ignore line: [ignoring duplicate directory "/usr/local/Cellar/gcc/11.3.0_1/bin/../lib/gcc/11/gcc/../../../../lib/gcc/11/gcc/x86_64-apple-darwin20/11/include"]
  ignore line: [ignoring nonexistent directory "/Library/Developer/CommandLineTools/SDKs/MacOSX12.1.sdk/usr/local/include"]
  ignore line: [ignoring duplicate directory "/usr/local/Cellar/gcc/11.3.0_1/bin/../lib/gcc/11/gcc/../../../../lib/gcc/11/gcc/x86_64-apple-darwin20/11/include-fixed"]
  ignore line: [ignoring nonexistent directory "/usr/local/Cellar/gcc/11.3.0_1/bin/../lib/gcc/11/gcc/../../../../lib/gcc/11/gcc/x86_64-apple-darwin20/11/../../../../../../x86_64-apple-darwin20/include"]
  ignore line: [ignoring nonexistent directory "/Library/Developer/CommandLineTools/SDKs/MacOSX12.1.sdk/Library/Frameworks"]
  ignore line: [#include "..." search starts here:]
  ignore line: [#include <...> search starts here:]
  ignore line: [ /usr/local/Cellar/gcc/11.3.0_1/bin/../lib/gcc/11/gcc/x86_64-apple-darwin20/11/../../../../../../include/c++/11]
  ignore line: [ /usr/local/Cellar/gcc/11.3.0_1/bin/../lib/gcc/11/gcc/x86_64-apple-darwin20/11/../../../../../../include/c++/11/x86_64-apple-darwin20]
  ignore line: [ /usr/local/Cellar/gcc/11.3.0_1/bin/../lib/gcc/11/gcc/x86_64-apple-darwin20/11/../../../../../../include/c++/11/backward]
  ignore line: [ /usr/local/Cellar/gcc/11.3.0_1/bin/../lib/gcc/11/gcc/x86_64-apple-darwin20/11/include]
  ignore line: [ /usr/local/Cellar/gcc/11.3.0_1/bin/../lib/gcc/11/gcc/x86_64-apple-darwin20/11/include-fixed]
  ignore line: [ /Library/Developer/CommandLineTools/SDKs/MacOSX12.1.sdk/usr/include]
  ignore line: [ /Library/Developer/CommandLineTools/SDKs/MacOSX12.1.sdk/System/Library/Frameworks]
  ignore line: [End of search list.]
  ignore line: [GNU C++17 (Homebrew GCC 11.3.0_1) version 11.3.0 (x86_64-apple-darwin20)]
  ignore line: [	compiled by GNU C version 11.3.0  GMP version 6.2.1  MPFR version 4.1.0  MPC version 1.2.1  isl version isl-0.24-GMP]
  ignore line: []
  ignore line: [GGC heuristics: --param ggc-min-expand=100 --param ggc-min-heapsize=131072]
  ignore line: [Compiler executable checksum: 50c3c3c8d4dceb873e1429344d7ffece]
  ignore line: [COLLECT_GCC_OPTIONS='-isysroot' '/Library/Developer/CommandLineTools/SDKs/MacOSX12.1.sdk' '-v' '-o' 'CMakeFiles/cmTC_48084.dir/CMakeCXXCompilerABI.cpp.o' '-c' '-mmacosx-version-min=11.6'  '-nodefaultexport' '-shared-libgcc' '-mtune=core2' '-dumpdir' 'CMakeFiles/cmTC_48084.dir/']
  ignore line: [ as -arch x86_64 -v -mmacosx-version-min=11.6 -mllvm -x86-pad-for-align=false -force_cpusubtype_ALL -o CMakeFiles/cmTC_48084.dir/CMakeCXXCompilerABI.cpp.o /var/folders/c8/386rs2b168n_nmgs59vcxdwh0000gn/T//ccHLuVUJ.s]
  ignore line: [Apple clang version 13.0.0 (clang-1300.0.29.30)]
  ignore line: [Target: x86_64-apple-darwin20.6.0]
  ignore line: [Thread model: posix]
  ignore line: [InstalledDir: /Library/Developer/CommandLineTools/usr/bin]
  ignore line: [ "/Library/Developer/CommandLineTools/usr/bin/clang" -cc1as -triple x86_64-apple-macosx11.6.0 -filetype obj -main-file-name ccHLuVUJ.s -target-cpu penryn -fdebug-compilation-dir /Users/gi-loaner-05/CLionProjects/Consensus-distance/cmake-build-debug/CMakeFiles/CMakeTmp -dwarf-debug-producer "Apple clang version 13.0.0 (clang-1300.0.29.30)" -dwarf-version=4 -mrelocation-model pic --mrelax-relocations -mllvm -x86-pad-for-align=false -mllvm -disable-aligned-alloc-awareness=1 -mllvm -enable-dse-memoryssa=0 -o CMakeFiles/cmTC_48084.dir/CMakeCXXCompilerABI.cpp.o /var/folders/c8/386rs2b168n_nmgs59vcxdwh0000gn/T//ccHLuVUJ.s]
  ignore line: [COMPILER_PATH=/usr/local/Cellar/gcc/11.3.0_1/bin/../libexec/gcc/x86_64-apple-darwin20/11/:/usr/local/Cellar/gcc/11.3.0_1/bin/../libexec/gcc/]
  ignore line: [LIBRARY_PATH=/usr/local/Cellar/gcc/11.3.0_1/bin/../lib/gcc/11/gcc/x86_64-apple-darwin20/11/:/usr/local/Cellar/gcc/11.3.0_1/bin/../lib/gcc/11/gcc/:/usr/local/Cellar/gcc/11.3.0_1/bin/../lib/gcc/11/gcc/x86_64-apple-darwin20/11/../../../]
  ignore line: [COLLECT_GCC_OPTIONS='-isysroot' '/Library/Developer/CommandLineTools/SDKs/MacOSX12.1.sdk' '-v' '-o' 'CMakeFiles/cmTC_48084.dir/CMakeCXXCompilerABI.cpp.o' '-c' '-mmacosx-version-min=11.6'  '-nodefaultexport' '-shared-libgcc' '-mtune=core2' '-dumpdir' 'CMakeFiles/cmTC_48084.dir/CMakeCXXCompilerABI.cpp.']
  ignore line: [Linking CXX executable cmTC_48084]
  ignore line: [/Applications/CLion.app/Contents/bin/cmake/mac/bin/cmake -E cmake_link_script CMakeFiles/cmTC_48084.dir/link.txt --verbose=1]
  ignore line: [/usr/local/bin/g++-11  -isysroot /Library/Developer/CommandLineTools/SDKs/MacOSX12.1.sdk -mmacosx-version-min=11.6 -Wl -search_paths_first -Wl -headerpad_max_install_names  -v -Wl -v CMakeFiles/cmTC_48084.dir/CMakeCXXCompilerABI.cpp.o -o cmTC_48084 ]
  ignore line: [Using built-in specs.]
  ignore line: [COLLECT_GCC=/usr/local/bin/g++-11]
  ignore line: [COLLECT_LTO_WRAPPER=/usr/local/Cellar/gcc/11.3.0_1/bin/../libexec/gcc/x86_64-apple-darwin20/11/lto-wrapper]
  ignore line: [Target: x86_64-apple-darwin20]
  ignore line: [Configured with: ../configure --prefix=/usr/local/opt/gcc --libdir=/usr/local/opt/gcc/lib/gcc/11 --disable-nls --enable-checking=release --with-gcc-major-version-only --enable-languages=c c++ objc obj-c++ fortran d --program-suffix=-11 --with-gmp=/usr/local/opt/gmp --with-mpfr=/usr/local/opt/mpfr --with-mpc=/usr/local/opt/libmpc --with-isl=/usr/local/opt/isl --with-zstd=/usr/local/opt/zstd --with-pkgversion='Homebrew GCC 11.3.0_1' --with-bugurl=https://github.com/Homebrew/homebrew-core/issues --enable-libphobos --build=x86_64-apple-darwin20 --with-system-zlib --with-sysroot=/Library/Developer/CommandLineTools/SDKs/MacOSX11.sdk]
  ignore line: [Thread model: posix]
  ignore line: [Supported LTO compression algorithms: zlib zstd]
  ignore line: [gcc version 11.3.0 (Homebrew GCC 11.3.0_1) ]
  ignore line: [COMPILER_PATH=/usr/local/Cellar/gcc/11.3.0_1/bin/../libexec/gcc/x86_64-apple-darwin20/11/:/usr/local/Cellar/gcc/11.3.0_1/bin/../libexec/gcc/]
  ignore line: [LIBRARY_PATH=/usr/local/Cellar/gcc/11.3.0_1/bin/../lib/gcc/11/gcc/x86_64-apple-darwin20/11/:/usr/local/Cellar/gcc/11.3.0_1/bin/../lib/gcc/11/gcc/:/usr/local/Cellar/gcc/11.3.0_1/bin/../lib/gcc/11/gcc/x86_64-apple-darwin20/11/../../../]
  ignore line: [COLLECT_GCC_OPTIONS='-isysroot' '/Library/Developer/CommandLineTools/SDKs/MacOSX12.1.sdk' '-v' '-o' 'cmTC_48084' '-mmacosx-version-min=11.6' '-asm_macosx_version_min=11.6' '-nodefaultexport' '-shared-libgcc' '-mtune=core2' '-dumpdir' 'cmTC_48084.']
  link line: [ /usr/local/Cellar/gcc/11.3.0_1/bin/../libexec/gcc/x86_64-apple-darwin20/11/collect2 -dynamic -arch x86_64 -syslibroot /Library/Developer/CommandLineTools/SDKs/MacOSX12.1.sdk -macosx_version_min 11.6 -o cmTC_48084 -L/usr/local/Cellar/gcc/11.3.0_1/bin/../lib/gcc/11/gcc/x86_64-apple-darwin20/11 -L/usr/local/Cellar/gcc/11.3.0_1/bin/../lib/gcc/11/gcc -L/usr/local/Cellar/gcc/11.3.0_1/bin/../lib/gcc/11/gcc/x86_64-apple-darwin20/11/../../.. -search_paths_first -headerpad_max_install_names -v CMakeFiles/cmTC_48084.dir/CMakeCXXCompilerABI.cpp.o -lstdc++ -lemutls_w -lgcc -lSystem -no_compact_unwind]
    arg [/usr/local/Cellar/gcc/11.3.0_1/bin/../libexec/gcc/x86_64-apple-darwin20/11/collect2] ==> ignore
    arg [-dynamic] ==> ignore
    arg [-arch] ==> ignore
    arg [x86_64] ==> ignore
    arg [-syslibroot] ==> ignore
    arg [/Library/Developer/CommandLineTools/SDKs/MacOSX12.1.sdk] ==> ignore
    arg [-macosx_version_min] ==> ignore
    arg [11.6] ==> ignore
    arg [-o] ==> ignore
    arg [cmTC_48084] ==> ignore
    arg [-L/usr/local/Cellar/gcc/11.3.0_1/bin/../lib/gcc/11/gcc/x86_64-apple-darwin20/11] ==> dir [/usr/local/Cellar/gcc/11.3.0_1/bin/../lib/gcc/11/gcc/x86_64-apple-darwin20/11]
    arg [-L/usr/local/Cellar/gcc/11.3.0_1/bin/../lib/gcc/11/gcc] ==> dir [/usr/local/Cellar/gcc/11.3.0_1/bin/../lib/gcc/11/gcc]
    arg [-L/usr/local/Cellar/gcc/11.3.0_1/bin/../lib/gcc/11/gcc/x86_64-apple-darwin20/11/../../..] ==> dir [/usr/local/Cellar/gcc/11.3.0_1/bin/../lib/gcc/11/gcc/x86_64-apple-darwin20/11/../../..]
    arg [-search_paths_first] ==> ignore
    arg [-headerpad_max_install_names] ==> ignore
    arg [-v] ==> ignore
    arg [CMakeFiles/cmTC_48084.dir/CMakeCXXCompilerABI.cpp.o] ==> ignore
    arg [-lstdc++] ==> lib [stdc++]
    arg [-lemutls_w] ==> lib [emutls_w]
    arg [-lgcc] ==> lib [gcc]
    arg [-lSystem] ==> lib [System]
    arg [-no_compact_unwind] ==> ignore
  Library search paths: [;/usr/local/Cellar/gcc/11.3.0_1/lib/gcc/11/gcc/x86_64-apple-darwin20/11;/usr/local/Cellar/gcc/11.3.0_1/lib/gcc/11/gcc;/usr/local/Cellar/gcc/11.3.0_1/lib/gcc/11;/Library/Developer/CommandLineTools/SDKs/MacOSX12.1.sdk/usr/lib]
  Framework search paths: [;/Library/Developer/CommandLineTools/SDKs/MacOSX12.1.sdk/System/Library/Frameworks/]
  remove lib [System]
  collapse library dir [/usr/local/Cellar/gcc/11.3.0_1/bin/../lib/gcc/11/gcc/x86_64-apple-darwin20/11] ==> [/usr/local/Cellar/gcc/11.3.0_1/lib/gcc/11/gcc/x86_64-apple-darwin20/11]
  collapse library dir [/usr/local/Cellar/gcc/11.3.0_1/bin/../lib/gcc/11/gcc] ==> [/usr/local/Cellar/gcc/11.3.0_1/lib/gcc/11/gcc]
  collapse library dir [/usr/local/Cellar/gcc/11.3.0_1/bin/../lib/gcc/11/gcc/x86_64-apple-darwin20/11/../../..] ==> [/usr/local/Cellar/gcc/11.3.0_1/lib/gcc/11]
  collapse library dir [/usr/local/Cellar/gcc/11.3.0_1/lib/gcc/11/gcc/x86_64-apple-darwin20/11] ==> [/usr/local/Cellar/gcc/11.3.0_1/lib/gcc/11/gcc/x86_64-apple-darwin20/11]
  collapse library dir [/usr/local/Cellar/gcc/11.3.0_1/lib/gcc/11/gcc] ==> [/usr/local/Cellar/gcc/11.3.0_1/lib/gcc/11/gcc]
  collapse library dir [/usr/local/Cellar/gcc/11.3.0_1/lib/gcc/11] ==> [/usr/local/Cellar/gcc/11.3.0_1/lib/gcc/11]
  collapse library dir [/Library/Developer/CommandLineTools/SDKs/MacOSX12.1.sdk/usr/lib] ==> [/Library/Developer/CommandLineTools/SDKs/MacOSX12.1.sdk/usr/lib]
  collapse framework dir [/Library/Developer/CommandLineTools/SDKs/MacOSX12.1.sdk/System/Library/Frameworks/] ==> [/Library/Developer/CommandLineTools/SDKs/MacOSX12.1.sdk/System/Library/Frameworks]
  implicit libs: [stdc++;emutls_w;gcc]
  implicit objs: []
  implicit dirs: [/usr/local/Cellar/gcc/11.3.0_1/lib/gcc/11/gcc/x86_64-apple-darwin20/11;/usr/local/Cellar/gcc/11.3.0_1/lib/gcc/11/gcc;/usr/local/Cellar/gcc/11.3.0_1/lib/gcc/11;/Library/Developer/CommandLineTools/SDKs/MacOSX12.1.sdk/usr/lib]
  implicit fwks: [/Library/Developer/CommandLineTools/SDKs/MacOSX12.1.sdk/System/Library/Frameworks]


Detecting CXX OpenMP compiler ABI info compiled with the following output:
Change Dir: /Users/gi-loaner-05/CLionProjects/Consensus-distance/cmake-build-debug/CMakeFiles/CMakeTmp

Run Build Command(s):/usr/bin/make -f Makefile cmTC_f37e8/fast && /Library/Developer/CommandLineTools/usr/bin/make  -f CMakeFiles/cmTC_f37e8.dir/build.make CMakeFiles/cmTC_f37e8.dir/build
Building CXX object CMakeFiles/cmTC_f37e8.dir/OpenMPTryFlag.cpp.o
/usr/local/bin/g++-11   -fopenmp -v -isysroot /Library/Developer/CommandLineTools/SDKs/MacOSX12.1.sdk -mmacosx-version-min=11.6 -std=gnu++14 -o CMakeFiles/cmTC_f37e8.dir/OpenMPTryFlag.cpp.o -c /Users/gi-loaner-05/CLionProjects/Consensus-distance/cmake-build-debug/CMakeFiles/FindOpenMP/OpenMPTryFlag.cpp
Using built-in specs.
COLLECT_GCC=/usr/local/bin/g++-11
Target: x86_64-apple-darwin20
Configured with: ../configure --prefix=/usr/local/opt/gcc --libdir=/usr/local/opt/gcc/lib/gcc/11 --disable-nls --enable-checking=release --with-gcc-major-version-only --enable-languages=c,c++,objc,obj-c++,fortran,d --program-suffix=-11 --with-gmp=/usr/local/opt/gmp --with-mpfr=/usr/local/opt/mpfr --with-mpc=/usr/local/opt/libmpc --with-isl=/usr/local/opt/isl --with-zstd=/usr/local/opt/zstd --with-pkgversion='Homebrew GCC 11.3.0_1' --with-bugurl=https://github.com/Homebrew/homebrew-core/issues --enable-libphobos --build=x86_64-apple-darwin20 --with-system-zlib --with-sysroot=/Library/Developer/CommandLineTools/SDKs/MacOSX11.sdk
Thread model: posix
Supported LTO compression algorithms: zlib zstd
gcc version 11.3.0 (Homebrew GCC 11.3.0_1) 
COLLECT_GCC_OPTIONS='-fopenmp' '-v' '-isysroot' '/Library/Developer/CommandLineTools/SDKs/MacOSX12.1.sdk' '-std=gnu++14' '-o' 'CMakeFiles/cmTC_f37e8.dir/OpenMPTryFlag.cpp.o' '-c' '-mmacosx-version-min=11.6' '-asm_macosx_version_min=11.6' '-nodefaultexport' '-shared-libgcc' '-mtune=core2' '-dumpdir' 'CMakeFiles/cmTC_f37e8.dir/'
 /usr/local/Cellar/gcc/11.3.0_1/bin/../libexec/gcc/x86_64-apple-darwin20/11/cc1plus -quiet -v -iprefix /usr/local/Cellar/gcc/11.3.0_1/bin/../lib/gcc/11/gcc/x86_64-apple-darwin20/11/ -D__DYNAMIC__ -isysroot /Library/Developer/CommandLineTools/SDKs/MacOSX12.1.sdk /Users/gi-loaner-05/CLionProjects/Consensus-distance/cmake-build-debug/CMakeFiles/FindOpenMP/OpenMPTryFlag.cpp -fPIC -quiet -dumpdir CMakeFiles/cmTC_f37e8.dir/ -dumpbase OpenMPTryFlag.cpp.cpp -dumpbase-ext .cpp -mmacosx-version-min=11.6 -mtune=core2 -std=gnu++14 -version -fopenmp -o /var/folders/c8/386rs2b168n_nmgs59vcxdwh0000gn/T//cccsEgTw.s
GNU C++14 (Homebrew GCC 11.3.0_1) version 11.3.0 (x86_64-apple-darwin20)
	compiled by GNU C version 11.3.0, GMP version 6.2.1, MPFR version 4.1.0, MPC version 1.2.1, isl version isl-0.24-GMP

GGC heuristics: --param ggc-min-expand=100 --param ggc-min-heapsize=131072
ignoring nonexistent directory "/usr/local/Cellar/gcc/11.3.0_1/bin/../lib/gcc/11/gcc/x86_64-apple-darwin20/11/../../../../../../x86_64-apple-darwin20/include"
ignoring duplicate directory "/usr/local/Cellar/gcc/11.3.0_1/bin/../lib/gcc/11/gcc/../../../../lib/gcc/11/gcc/x86_64-apple-darwin20/11/../../../../../../include/c++/11"
ignoring duplicate directory "/usr/local/Cellar/gcc/11.3.0_1/bin/../lib/gcc/11/gcc/../../../../lib/gcc/11/gcc/x86_64-apple-darwin20/11/../../../../../../include/c++/11/x86_64-apple-darwin20"
ignoring duplicate directory "/usr/local/Cellar/gcc/11.3.0_1/bin/../lib/gcc/11/gcc/../../../../lib/gcc/11/gcc/x86_64-apple-darwin20/11/../../../../../../include/c++/11/backward"
ignoring duplicate directory "/usr/local/Cellar/gcc/11.3.0_1/bin/../lib/gcc/11/gcc/../../../../lib/gcc/11/gcc/x86_64-apple-darwin20/11/include"
ignoring nonexistent directory "/Library/Developer/CommandLineTools/SDKs/MacOSX12.1.sdk/usr/local/include"
ignoring duplicate directory "/usr/local/Cellar/gcc/11.3.0_1/bin/../lib/gcc/11/gcc/../../../../lib/gcc/11/gcc/x86_64-apple-darwin20/11/include-fixed"
ignoring nonexistent directory "/usr/local/Cellar/gcc/11.3.0_1/bin/../lib/gcc/11/gcc/../../../../lib/gcc/11/gcc/x86_64-apple-darwin20/11/../../../../../../x86_64-apple-darwin20/include"
ignoring nonexistent directory "/Library/Developer/CommandLineTools/SDKs/MacOSX12.1.sdk/Library/Frameworks"
#include "..." search starts here:
#include <...> search starts here:
 /usr/local/Cellar/gcc/11.3.0_1/bin/../lib/gcc/11/gcc/x86_64-apple-darwin20/11/../../../../../../include/c++/11
 /usr/local/Cellar/gcc/11.3.0_1/bin/../lib/gcc/11/gcc/x86_64-apple-darwin20/11/../../../../../../include/c++/11/x86_64-apple-darwin20
 /usr/local/Cellar/gcc/11.3.0_1/bin/../lib/gcc/11/gcc/x86_64-apple-darwin20/11/../../../../../../include/c++/11/backward
 /usr/local/Cellar/gcc/11.3.0_1/bin/../lib/gcc/11/gcc/x86_64-apple-darwin20/11/include
 /usr/local/Cellar/gcc/11.3.0_1/bin/../lib/gcc/11/gcc/x86_64-apple-darwin20/11/include-fixed
 /Library/Developer/CommandLineTools/SDKs/MacOSX12.1.sdk/usr/include
 /Library/Developer/CommandLineTools/SDKs/MacOSX12.1.sdk/System/Library/Frameworks
End of search list.
GNU C++14 (Homebrew GCC 11.3.0_1) version 11.3.0 (x86_64-apple-darwin20)
	compiled by GNU C version 11.3.0, GMP version 6.2.1, MPFR version 4.1.0, MPC version 1.2.1, isl version isl-0.24-GMP

GGC heuristics: --param ggc-min-expand=100 --param ggc-min-heapsize=131072
Compiler executable checksum: 50c3c3c8d4dceb873e1429344d7ffece
COLLECT_GCC_OPTIONS='-fopenmp' '-v' '-isysroot' '/Library/Developer/CommandLineTools/SDKs/MacOSX12.1.sdk' '-std=gnu++14' '-o' 'CMakeFiles/cmTC_f37e8.dir/OpenMPTryFlag.cpp.o' '-c' '-mmacosx-version-min=11.6'  '-nodefaultexport' '-shared-libgcc' '-mtune=core2' '-dumpdir' 'CMakeFiles/cmTC_f37e8.dir/'
 as -arch x86_64 -v -mmacosx-version-min=11.6 -mllvm -x86-pad-for-align=false -force_cpusubtype_ALL -o CMakeFiles/cmTC_f37e8.dir/OpenMPTryFlag.cpp.o /var/folders/c8/386rs2b168n_nmgs59vcxdwh0000gn/T//cccsEgTw.s
Apple clang version 13.0.0 (clang-1300.0.29.30)
Target: x86_64-apple-darwin20.6.0
Thread model: posix
InstalledDir: /Library/Developer/CommandLineTools/usr/bin
 "/Library/Developer/CommandLineTools/usr/bin/clang" -cc1as -triple x86_64-apple-macosx11.6.0 -filetype obj -main-file-name cccsEgTw.s -target-cpu penryn -fdebug-compilation-dir /Users/gi-loaner-05/CLionProjects/Consensus-distance/cmake-build-debug/CMakeFiles/CMakeTmp -dwarf-debug-producer "Apple clang version 13.0.0 (clang-1300.0.29.30)" -dwarf-version=4 -mrelocation-model pic --mrelax-relocations -mllvm -x86-pad-for-align=false -mllvm -disable-aligned-alloc-awareness=1 -mllvm -enable-dse-memoryssa=0 -o CMakeFiles/cmTC_f37e8.dir/OpenMPTryFlag.cpp.o /var/folders/c8/386rs2b168n_nmgs59vcxdwh0000gn/T//cccsEgTw.s
COMPILER_PATH=/usr/local/Cellar/gcc/11.3.0_1/bin/../libexec/gcc/x86_64-apple-darwin20/11/:/usr/local/Cellar/gcc/11.3.0_1/bin/../libexec/gcc/
LIBRARY_PATH=/usr/local/Cellar/gcc/11.3.0_1/bin/../lib/gcc/11/gcc/x86_64-apple-darwin20/11/:/usr/local/Cellar/gcc/11.3.0_1/bin/../lib/gcc/11/gcc/:/usr/local/Cellar/gcc/11.3.0_1/bin/../lib/gcc/11/gcc/x86_64-apple-darwin20/11/../../../
COLLECT_GCC_OPTIONS='-fopenmp' '-v' '-isysroot' '/Library/Developer/CommandLineTools/SDKs/MacOSX12.1.sdk' '-std=gnu++14' '-o' 'CMakeFiles/cmTC_f37e8.dir/OpenMPTryFlag.cpp.o' '-c' '-mmacosx-version-min=11.6'  '-nodefaultexport' '-shared-libgcc' '-mtune=core2' '-dumpdir' 'CMakeFiles/cmTC_f37e8.dir/OpenMPTryFlag.cpp.'
Linking CXX executable cmTC_f37e8
/Applications/CLion.app/Contents/bin/cmake/mac/bin/cmake -E cmake_link_script CMakeFiles/cmTC_f37e8.dir/link.txt --verbose=1
/usr/local/bin/g++-11  -fopenmp -v -isysroot /Library/Developer/CommandLineTools/SDKs/MacOSX12.1.sdk -mmacosx-version-min=11.6 -Wl,-search_paths_first -Wl,-headerpad_max_install_names CMakeFiles/cmTC_f37e8.dir/OpenMPTryFlag.cpp.o -o cmTC_f37e8  -v -Wl,-v 
Using built-in specs.
COLLECT_GCC=/usr/local/bin/g++-11
COLLECT_LTO_WRAPPER=/usr/local/Cellar/gcc/11.3.0_1/bin/../libexec/gcc/x86_64-apple-darwin20/11/lto-wrapper
Target: x86_64-apple-darwin20
Configured with: ../configure --prefix=/usr/local/opt/gcc --libdir=/usr/local/opt/gcc/lib/gcc/11 --disable-nls --enable-checking=release --with-gcc-major-version-only --enable-languages=c,c++,objc,obj-c++,fortran,d --program-suffix=-11 --with-gmp=/usr/local/opt/gmp --with-mpfr=/usr/local/opt/mpfr --with-mpc=/usr/local/opt/libmpc --with-isl=/usr/local/opt/isl --with-zstd=/usr/local/opt/zstd --with-pkgversion='Homebrew GCC 11.3.0_1' --with-bugurl=https://github.com/Homebrew/homebrew-core/issues --enable-libphobos --build=x86_64-apple-darwin20 --with-system-zlib --with-sysroot=/Library/Developer/CommandLineTools/SDKs/MacOSX11.sdk
Thread model: posix
Supported LTO compression algorithms: zlib zstd
gcc version 11.3.0 (Homebrew GCC 11.3.0_1) 
COMPILER_PATH=/usr/local/Cellar/gcc/11.3.0_1/bin/../libexec/gcc/x86_64-apple-darwin20/11/:/usr/local/Cellar/gcc/11.3.0_1/bin/../libexec/gcc/
LIBRARY_PATH=/usr/local/Cellar/gcc/11.3.0_1/bin/../lib/gcc/11/gcc/x86_64-apple-darwin20/11/:/usr/local/Cellar/gcc/11.3.0_1/bin/../lib/gcc/11/gcc/:/usr/local/Cellar/gcc/11.3.0_1/bin/../lib/gcc/11/gcc/x86_64-apple-darwin20/11/../../../
COLLECT_GCC_OPTIONS='-fopenmp' '-v' '-isysroot' '/Library/Developer/CommandLineTools/SDKs/MacOSX12.1.sdk' '-o' 'cmTC_f37e8' '-v' '-mmacosx-version-min=11.6' '-asm_macosx_version_min=11.6' '-nodefaultexport' '-shared-libgcc' '-mtune=core2' '-dumpdir' 'cmTC_f37e8.'
 /usr/local/Cellar/gcc/11.3.0_1/bin/../libexec/gcc/x86_64-apple-darwin20/11/collect2 -dynamic -arch x86_64 -syslibroot /Library/Developer/CommandLineTools/SDKs/MacOSX12.1.sdk -macosx_version_min 11.6 -o cmTC_f37e8 -L/usr/local/Cellar/gcc/11.3.0_1/bin/../lib/gcc/11/gcc/x86_64-apple-darwin20/11 -L/usr/local/Cellar/gcc/11.3.0_1/bin/../lib/gcc/11/gcc -L/usr/local/Cellar/gcc/11.3.0_1/bin/../lib/gcc/11/gcc/x86_64-apple-darwin20/11/../../.. -search_paths_first -headerpad_max_install_names CMakeFiles/cmTC_f37e8.dir/OpenMPTryFlag.cpp.o -v -lstdc++ -lgomp -lemutls_w -lgcc -lSystem -no_compact_unwind
collect2 version 11.3.0
/usr/bin/ld -dynamic -arch x86_64 -syslibroot /Library/Developer/CommandLineTools/SDKs/MacOSX12.1.sdk -macosx_version_min 11.6 -o cmTC_f37e8 -L/usr/local/Cellar/gcc/11.3.0_1/bin/../lib/gcc/11/gcc/x86_64-apple-darwin20/11 -L/usr/local/Cellar/gcc/11.3.0_1/bin/../lib/gcc/11/gcc -L/usr/local/Cellar/gcc/11.3.0_1/bin/../lib/gcc/11/gcc/x86_64-apple-darwin20/11/../../.. -search_paths_first -headerpad_max_install_names CMakeFiles/cmTC_f37e8.dir/OpenMPTryFlag.cpp.o -v -lstdc++ -lgomp -lemutls_w -lgcc -lSystem -no_compact_unwind
@(#)PROGRAM:ld  PROJECT:ld64-711
BUILD 21:57:11 Nov 17 2021
configured to support archs: armv6 armv7 armv7s arm64 arm64e arm64_32 i386 x86_64 x86_64h armv6m armv7k armv7m armv7em
Library search paths:
	/usr/local/Cellar/gcc/11.3.0_1/lib/gcc/11/gcc/x86_64-apple-darwin20/11
	/usr/local/Cellar/gcc/11.3.0_1/lib/gcc/11/gcc
	/usr/local/Cellar/gcc/11.3.0_1/lib/gcc/11
	/Library/Developer/CommandLineTools/SDKs/MacOSX12.1.sdk/usr/lib
Framework search paths:
	/Library/Developer/CommandLineTools/SDKs/MacOSX12.1.sdk/System/Library/Frameworks/



Parsed CXX OpenMP implicit link information from above output:
  link line regex: [^( *|.*[/\])(ld|CMAKE_LINK_STARTFILE-NOTFOUND|([^/\]+-)?ld|collect2)[^/\]*( |$)]
  ignore line: [Change Dir: /Users/gi-loaner-05/CLionProjects/Consensus-distance/cmake-build-debug/CMakeFiles/CMakeTmp]
  ignore line: []
  ignore line: [Run Build Command(s):/usr/bin/make -f Makefile cmTC_f37e8/fast && /Library/Developer/CommandLineTools/usr/bin/make  -f CMakeFiles/cmTC_f37e8.dir/build.make CMakeFiles/cmTC_f37e8.dir/build]
  ignore line: [Building CXX object CMakeFiles/cmTC_f37e8.dir/OpenMPTryFlag.cpp.o]
  ignore line: [/usr/local/bin/g++-11   -fopenmp -v -isysroot /Library/Developer/CommandLineTools/SDKs/MacOSX12.1.sdk -mmacosx-version-min=11.6 -std=gnu++14 -o CMakeFiles/cmTC_f37e8.dir/OpenMPTryFlag.cpp.o -c /Users/gi-loaner-05/CLionProjects/Consensus-distance/cmake-build-debug/CMakeFiles/FindOpenMP/OpenMPTryFlag.cpp]
  ignore line: [Using built-in specs.]
  ignore line: [COLLECT_GCC=/usr/local/bin/g++-11]
  ignore line: [Target: x86_64-apple-darwin20]
  ignore line: [Configured with: ../configure --prefix=/usr/local/opt/gcc --libdir=/usr/local/opt/gcc/lib/gcc/11 --disable-nls --enable-checking=release --with-gcc-major-version-only --enable-languages=c c++ objc obj-c++ fortran d --program-suffix=-11 --with-gmp=/usr/local/opt/gmp --with-mpfr=/usr/local/opt/mpfr --with-mpc=/usr/local/opt/libmpc --with-isl=/usr/local/opt/isl --with-zstd=/usr/local/opt/zstd --with-pkgversion='Homebrew GCC 11.3.0_1' --with-bugurl=https://github.com/Homebrew/homebrew-core/issues --enable-libphobos --build=x86_64-apple-darwin20 --with-system-zlib --with-sysroot=/Library/Developer/CommandLineTools/SDKs/MacOSX11.sdk]
  ignore line: [Thread model: posix]
  ignore line: [Supported LTO compression algorithms: zlib zstd]
  ignore line: [gcc version 11.3.0 (Homebrew GCC 11.3.0_1) ]
  ignore line: [COLLECT_GCC_OPTIONS='-fopenmp' '-v' '-isysroot' '/Library/Developer/CommandLineTools/SDKs/MacOSX12.1.sdk' '-std=gnu++14' '-o' 'CMakeFiles/cmTC_f37e8.dir/OpenMPTryFlag.cpp.o' '-c' '-mmacosx-version-min=11.6' '-asm_macosx_version_min=11.6' '-nodefaultexport' '-shared-libgcc' '-mtune=core2' '-dumpdir' 'CMakeFiles/cmTC_f37e8.dir/']
  ignore line: [ /usr/local/Cellar/gcc/11.3.0_1/bin/../libexec/gcc/x86_64-apple-darwin20/11/cc1plus -quiet -v -iprefix /usr/local/Cellar/gcc/11.3.0_1/bin/../lib/gcc/11/gcc/x86_64-apple-darwin20/11/ -D__DYNAMIC__ -isysroot /Library/Developer/CommandLineTools/SDKs/MacOSX12.1.sdk /Users/gi-loaner-05/CLionProjects/Consensus-distance/cmake-build-debug/CMakeFiles/FindOpenMP/OpenMPTryFlag.cpp -fPIC -quiet -dumpdir CMakeFiles/cmTC_f37e8.dir/ -dumpbase OpenMPTryFlag.cpp.cpp -dumpbase-ext .cpp -mmacosx-version-min=11.6 -mtune=core2 -std=gnu++14 -version -fopenmp -o /var/folders/c8/386rs2b168n_nmgs59vcxdwh0000gn/T//cccsEgTw.s]
  ignore line: [GNU C++14 (Homebrew GCC 11.3.0_1) version 11.3.0 (x86_64-apple-darwin20)]
  ignore line: [	compiled by GNU C version 11.3.0  GMP version 6.2.1  MPFR version 4.1.0  MPC version 1.2.1  isl version isl-0.24-GMP]
  ignore line: []
  ignore line: [GGC heuristics: --param ggc-min-expand=100 --param ggc-min-heapsize=131072]
  ignore line: [ignoring nonexistent directory "/usr/local/Cellar/gcc/11.3.0_1/bin/../lib/gcc/11/gcc/x86_64-apple-darwin20/11/../../../../../../x86_64-apple-darwin20/include"]
  ignore line: [ignoring duplicate directory "/usr/local/Cellar/gcc/11.3.0_1/bin/../lib/gcc/11/gcc/../../../../lib/gcc/11/gcc/x86_64-apple-darwin20/11/../../../../../../include/c++/11"]
  ignore line: [ignoring duplicate directory "/usr/local/Cellar/gcc/11.3.0_1/bin/../lib/gcc/11/gcc/../../../../lib/gcc/11/gcc/x86_64-apple-darwin20/11/../../../../../../include/c++/11/x86_64-apple-darwin20"]
  ignore line: [ignoring duplicate directory "/usr/local/Cellar/gcc/11.3.0_1/bin/../lib/gcc/11/gcc/../../../../lib/gcc/11/gcc/x86_64-apple-darwin20/11/../../../../../../include/c++/11/backward"]
  ignore line: [ignoring duplicate directory "/usr/local/Cellar/gcc/11.3.0_1/bin/../lib/gcc/11/gcc/../../../../lib/gcc/11/gcc/x86_64-apple-darwin20/11/include"]
  ignore line: [ignoring nonexistent directory "/Library/Developer/CommandLineTools/SDKs/MacOSX12.1.sdk/usr/local/include"]
  ignore line: [ignoring duplicate directory "/usr/local/Cellar/gcc/11.3.0_1/bin/../lib/gcc/11/gcc/../../../../lib/gcc/11/gcc/x86_64-apple-darwin20/11/include-fixed"]
  ignore line: [ignoring nonexistent directory "/usr/local/Cellar/gcc/11.3.0_1/bin/../lib/gcc/11/gcc/../../../../lib/gcc/11/gcc/x86_64-apple-darwin20/11/../../../../../../x86_64-apple-darwin20/include"]
  ignore line: [ignoring nonexistent directory "/Library/Developer/CommandLineTools/SDKs/MacOSX12.1.sdk/Library/Frameworks"]
  ignore line: [#include "..." search starts here:]
  ignore line: [#include <...> search starts here:]
  ignore line: [ /usr/local/Cellar/gcc/11.3.0_1/bin/../lib/gcc/11/gcc/x86_64-apple-darwin20/11/../../../../../../include/c++/11]
  ignore line: [ /usr/local/Cellar/gcc/11.3.0_1/bin/../lib/gcc/11/gcc/x86_64-apple-darwin20/11/../../../../../../include/c++/11/x86_64-apple-darwin20]
  ignore line: [ /usr/local/Cellar/gcc/11.3.0_1/bin/../lib/gcc/11/gcc/x86_64-apple-darwin20/11/../../../../../../include/c++/11/backward]
  ignore line: [ /usr/local/Cellar/gcc/11.3.0_1/bin/../lib/gcc/11/gcc/x86_64-apple-darwin20/11/include]
  ignore line: [ /usr/local/Cellar/gcc/11.3.0_1/bin/../lib/gcc/11/gcc/x86_64-apple-darwin20/11/include-fixed]
  ignore line: [ /Library/Developer/CommandLineTools/SDKs/MacOSX12.1.sdk/usr/include]
  ignore line: [ /Library/Developer/CommandLineTools/SDKs/MacOSX12.1.sdk/System/Library/Frameworks]
  ignore line: [End of search list.]
  ignore line: [GNU C++14 (Homebrew GCC 11.3.0_1) version 11.3.0 (x86_64-apple-darwin20)]
  ignore line: [	compiled by GNU C version 11.3.0  GMP version 6.2.1  MPFR version 4.1.0  MPC version 1.2.1  isl version isl-0.24-GMP]
  ignore line: []
  ignore line: [GGC heuristics: --param ggc-min-expand=100 --param ggc-min-heapsize=131072]
  ignore line: [Compiler executable checksum: 50c3c3c8d4dceb873e1429344d7ffece]
  ignore line: [COLLECT_GCC_OPTIONS='-fopenmp' '-v' '-isysroot' '/Library/Developer/CommandLineTools/SDKs/MacOSX12.1.sdk' '-std=gnu++14' '-o' 'CMakeFiles/cmTC_f37e8.dir/OpenMPTryFlag.cpp.o' '-c' '-mmacosx-version-min=11.6'  '-nodefaultexport' '-shared-libgcc' '-mtune=core2' '-dumpdir' 'CMakeFiles/cmTC_f37e8.dir/']
  ignore line: [ as -arch x86_64 -v -mmacosx-version-min=11.6 -mllvm -x86-pad-for-align=false -force_cpusubtype_ALL -o CMakeFiles/cmTC_f37e8.dir/OpenMPTryFlag.cpp.o /var/folders/c8/386rs2b168n_nmgs59vcxdwh0000gn/T//cccsEgTw.s]
  ignore line: [Apple clang version 13.0.0 (clang-1300.0.29.30)]
  ignore line: [Target: x86_64-apple-darwin20.6.0]
  ignore line: [Thread model: posix]
  ignore line: [InstalledDir: /Library/Developer/CommandLineTools/usr/bin]
  ignore line: [ "/Library/Developer/CommandLineTools/usr/bin/clang" -cc1as -triple x86_64-apple-macosx11.6.0 -filetype obj -main-file-name cccsEgTw.s -target-cpu penryn -fdebug-compilation-dir /Users/gi-loaner-05/CLionProjects/Consensus-distance/cmake-build-debug/CMakeFiles/CMakeTmp -dwarf-debug-producer "Apple clang version 13.0.0 (clang-1300.0.29.30)" -dwarf-version=4 -mrelocation-model pic --mrelax-relocations -mllvm -x86-pad-for-align=false -mllvm -disable-aligned-alloc-awareness=1 -mllvm -enable-dse-memoryssa=0 -o CMakeFiles/cmTC_f37e8.dir/OpenMPTryFlag.cpp.o /var/folders/c8/386rs2b168n_nmgs59vcxdwh0000gn/T//cccsEgTw.s]
  ignore line: [COMPILER_PATH=/usr/local/Cellar/gcc/11.3.0_1/bin/../libexec/gcc/x86_64-apple-darwin20/11/:/usr/local/Cellar/gcc/11.3.0_1/bin/../libexec/gcc/]
  ignore line: [LIBRARY_PATH=/usr/local/Cellar/gcc/11.3.0_1/bin/../lib/gcc/11/gcc/x86_64-apple-darwin20/11/:/usr/local/Cellar/gcc/11.3.0_1/bin/../lib/gcc/11/gcc/:/usr/local/Cellar/gcc/11.3.0_1/bin/../lib/gcc/11/gcc/x86_64-apple-darwin20/11/../../../]
  ignore line: [COLLECT_GCC_OPTIONS='-fopenmp' '-v' '-isysroot' '/Library/Developer/CommandLineTools/SDKs/MacOSX12.1.sdk' '-std=gnu++14' '-o' 'CMakeFiles/cmTC_f37e8.dir/OpenMPTryFlag.cpp.o' '-c' '-mmacosx-version-min=11.6'  '-nodefaultexport' '-shared-libgcc' '-mtune=core2' '-dumpdir' 'CMakeFiles/cmTC_f37e8.dir/OpenMPTryFlag.cpp.']
  ignore line: [Linking CXX executable cmTC_f37e8]
  ignore line: [/Applications/CLion.app/Contents/bin/cmake/mac/bin/cmake -E cmake_link_script CMakeFiles/cmTC_f37e8.dir/link.txt --verbose=1]
  ignore line: [/usr/local/bin/g++-11  -fopenmp -v -isysroot /Library/Developer/CommandLineTools/SDKs/MacOSX12.1.sdk -mmacosx-version-min=11.6 -Wl -search_paths_first -Wl -headerpad_max_install_names CMakeFiles/cmTC_f37e8.dir/OpenMPTryFlag.cpp.o -o cmTC_f37e8  -v -Wl -v ]
  ignore line: [Using built-in specs.]
  ignore line: [COLLECT_GCC=/usr/local/bin/g++-11]
  ignore line: [COLLECT_LTO_WRAPPER=/usr/local/Cellar/gcc/11.3.0_1/bin/../libexec/gcc/x86_64-apple-darwin20/11/lto-wrapper]
  ignore line: [Target: x86_64-apple-darwin20]
  ignore line: [Configured with: ../configure --prefix=/usr/local/opt/gcc --libdir=/usr/local/opt/gcc/lib/gcc/11 --disable-nls --enable-checking=release --with-gcc-major-version-only --enable-languages=c c++ objc obj-c++ fortran d --program-suffix=-11 --with-gmp=/usr/local/opt/gmp --with-mpfr=/usr/local/opt/mpfr --with-mpc=/usr/local/opt/libmpc --with-isl=/usr/local/opt/isl --with-zstd=/usr/local/opt/zstd --with-pkgversion='Homebrew GCC 11.3.0_1' --with-bugurl=https://github.com/Homebrew/homebrew-core/issues --enable-libphobos --build=x86_64-apple-darwin20 --with-system-zlib --with-sysroot=/Library/Developer/CommandLineTools/SDKs/MacOSX11.sdk]
  ignore line: [Thread model: posix]
  ignore line: [Supported LTO compression algorithms: zlib zstd]
  ignore line: [gcc version 11.3.0 (Homebrew GCC 11.3.0_1) ]
  ignore line: [COMPILER_PATH=/usr/local/Cellar/gcc/11.3.0_1/bin/../libexec/gcc/x86_64-apple-darwin20/11/:/usr/local/Cellar/gcc/11.3.0_1/bin/../libexec/gcc/]
  ignore line: [LIBRARY_PATH=/usr/local/Cellar/gcc/11.3.0_1/bin/../lib/gcc/11/gcc/x86_64-apple-darwin20/11/:/usr/local/Cellar/gcc/11.3.0_1/bin/../lib/gcc/11/gcc/:/usr/local/Cellar/gcc/11.3.0_1/bin/../lib/gcc/11/gcc/x86_64-apple-darwin20/11/../../../]
  ignore line: [COLLECT_GCC_OPTIONS='-fopenmp' '-v' '-isysroot' '/Library/Developer/CommandLineTools/SDKs/MacOSX12.1.sdk' '-o' 'cmTC_f37e8' '-v' '-mmacosx-version-min=11.6' '-asm_macosx_version_min=11.6' '-nodefaultexport' '-shared-libgcc' '-mtune=core2' '-dumpdir' 'cmTC_f37e8.']
  link line: [ /usr/local/Cellar/gcc/11.3.0_1/bin/../libexec/gcc/x86_64-apple-darwin20/11/collect2 -dynamic -arch x86_64 -syslibroot /Library/Developer/CommandLineTools/SDKs/MacOSX12.1.sdk -macosx_version_min 11.6 -o cmTC_f37e8 -L/usr/local/Cellar/gcc/11.3.0_1/bin/../lib/gcc/11/gcc/x86_64-apple-darwin20/11 -L/usr/local/Cellar/gcc/11.3.0_1/bin/../lib/gcc/11/gcc -L/usr/local/Cellar/gcc/11.3.0_1/bin/../lib/gcc/11/gcc/x86_64-apple-darwin20/11/../../.. -search_paths_first -headerpad_max_install_names CMakeFiles/cmTC_f37e8.dir/OpenMPTryFlag.cpp.o -v -lstdc++ -lgomp -lemutls_w -lgcc -lSystem -no_compact_unwind]
    arg [/usr/local/Cellar/gcc/11.3.0_1/bin/../libexec/gcc/x86_64-apple-darwin20/11/collect2] ==> ignore
    arg [-dynamic] ==> ignore
    arg [-arch] ==> ignore
    arg [x86_64] ==> ignore
    arg [-syslibroot] ==> ignore
    arg [/Library/Developer/CommandLineTools/SDKs/MacOSX12.1.sdk] ==> ignore
    arg [-macosx_version_min] ==> ignore
    arg [11.6] ==> ignore
    arg [-o] ==> ignore
    arg [cmTC_f37e8] ==> ignore
    arg [-L/usr/local/Cellar/gcc/11.3.0_1/bin/../lib/gcc/11/gcc/x86_64-apple-darwin20/11] ==> dir [/usr/local/Cellar/gcc/11.3.0_1/bin/../lib/gcc/11/gcc/x86_64-apple-darwin20/11]
    arg [-L/usr/local/Cellar/gcc/11.3.0_1/bin/../lib/gcc/11/gcc] ==> dir [/usr/local/Cellar/gcc/11.3.0_1/bin/../lib/gcc/11/gcc]
    arg [-L/usr/local/Cellar/gcc/11.3.0_1/bin/../lib/gcc/11/gcc/x86_64-apple-darwin20/11/../../..] ==> dir [/usr/local/Cellar/gcc/11.3.0_1/bin/../lib/gcc/11/gcc/x86_64-apple-darwin20/11/../../..]
    arg [-search_paths_first] ==> ignore
    arg [-headerpad_max_install_names] ==> ignore
    arg [CMakeFiles/cmTC_f37e8.dir/OpenMPTryFlag.cpp.o] ==> ignore
    arg [-v] ==> ignore
    arg [-lstdc++] ==> lib [stdc++]
    arg [-lgomp] ==> lib [gomp]
    arg [-lemutls_w] ==> lib [emutls_w]
    arg [-lgcc] ==> lib [gcc]
    arg [-lSystem] ==> lib [System]
    arg [-no_compact_unwind] ==> ignore
  Library search paths: [;/usr/local/Cellar/gcc/11.3.0_1/lib/gcc/11/gcc/x86_64-apple-darwin20/11;/usr/local/Cellar/gcc/11.3.0_1/lib/gcc/11/gcc;/usr/local/Cellar/gcc/11.3.0_1/lib/gcc/11;/Library/Developer/CommandLineTools/SDKs/MacOSX12.1.sdk/usr/lib]
  Framework search paths: [;/Library/Developer/CommandLineTools/SDKs/MacOSX12.1.sdk/System/Library/Frameworks/]
  remove lib [System]
  collapse library dir [/usr/local/Cellar/gcc/11.3.0_1/bin/../lib/gcc/11/gcc/x86_64-apple-darwin20/11] ==> [/usr/local/Cellar/gcc/11.3.0_1/lib/gcc/11/gcc/x86_64-apple-darwin20/11]
  collapse library dir [/usr/local/Cellar/gcc/11.3.0_1/bin/../lib/gcc/11/gcc] ==> [/usr/local/Cellar/gcc/11.3.0_1/lib/gcc/11/gcc]
  collapse library dir [/usr/local/Cellar/gcc/11.3.0_1/bin/../lib/gcc/11/gcc/x86_64-apple-darwin20/11/../../..] ==> [/usr/local/Cellar/gcc/11.3.0_1/lib/gcc/11]
  collapse library dir [/usr/local/Cellar/gcc/11.3.0_1/lib/gcc/11/gcc/x86_64-apple-darwin20/11] ==> [/usr/local/Cellar/gcc/11.3.0_1/lib/gcc/11/gcc/x86_64-apple-darwin20/11]
  collapse library dir [/usr/local/Cellar/gcc/11.3.0_1/lib/gcc/11/gcc] ==> [/usr/local/Cellar/gcc/11.3.0_1/lib/gcc/11/gcc]
  collapse library dir [/usr/local/Cellar/gcc/11.3.0_1/lib/gcc/11] ==> [/usr/local/Cellar/gcc/11.3.0_1/lib/gcc/11]
  collapse library dir [/Library/Developer/CommandLineTools/SDKs/MacOSX12.1.sdk/usr/lib] ==> [/Library/Developer/CommandLineTools/SDKs/MacOSX12.1.sdk/usr/lib]
  collapse framework dir [/Library/Developer/CommandLineTools/SDKs/MacOSX12.1.sdk/System/Library/Frameworks/] ==> [/Library/Developer/CommandLineTools/SDKs/MacOSX12.1.sdk/System/Library/Frameworks]
  implicit libs: [stdc++;gomp;emutls_w;gcc]
  implicit objs: []
  implicit dirs: [/usr/local/Cellar/gcc/11.3.0_1/lib/gcc/11/gcc/x86_64-apple-darwin20/11;/usr/local/Cellar/gcc/11.3.0_1/lib/gcc/11/gcc;/usr/local/Cellar/gcc/11.3.0_1/lib/gcc/11;/Library/Developer/CommandLineTools/SDKs/MacOSX12.1.sdk/usr/lib]
  implicit fwks: [/Library/Developer/CommandLineTools/SDKs/MacOSX12.1.sdk/System/Library/Frameworks]


